  [1m[35mSQL (20.8ms)[0m  [1m[35mCREATE EXTENSION IF NOT EXISTS "plpgsql"[0m
  [1m[35m (147.1ms)[0m  [1m[35mCREATE TABLE "articles" ("id" serial primary key, "title" character varying NOT NULL, "url" text NOT NULL, "description" text, "created_at" timestamp NOT NULL, "updated_at" timestamp NOT NULL)[0m
  [1m[35m (4.6ms)[0m  [1m[35mCREATE TABLE "schema_migrations" ("version" character varying PRIMARY KEY)[0m
  [1m[35m (0.7ms)[0m  [1m[34mSELECT version FROM "schema_migrations"[0m
  [1m[35m (0.7ms)[0m  [1m[32mINSERT INTO "schema_migrations" (version) VALUES (20170405142139)[0m
  [1m[35m (43.8ms)[0m  [1m[35mCREATE TABLE "ar_internal_metadata" ("key" character varying PRIMARY KEY, "value" character varying, "created_at" timestamp NOT NULL, "updated_at" timestamp NOT NULL)[0m
  [1m[36mActiveRecord::InternalMetadata Load (0.5ms)[0m  [1m[34mSELECT  "ar_internal_metadata".* FROM "ar_internal_metadata" WHERE "ar_internal_metadata"."key" = $1 LIMIT $2[0m  [["key", "environment"], ["LIMIT", 1]]
  [1m[35m (0.2ms)[0m  [1m[35mBEGIN[0m
  [1m[35mSQL (0.6ms)[0m  [1m[32mINSERT INTO "ar_internal_metadata" ("key", "value", "created_at", "updated_at") VALUES ($1, $2, $3, $4) RETURNING "key"[0m  [["key", "environment"], ["value", "development"], ["created_at", "2017-07-26 04:09:24.955771"], ["updated_at", "2017-07-26 04:09:24.955771"]]
  [1m[35m (0.4ms)[0m  [1m[35mCOMMIT[0m
  [1m[36mActiveRecord::InternalMetadata Load (0.3ms)[0m  [1m[34mSELECT  "ar_internal_metadata".* FROM "ar_internal_metadata" WHERE "ar_internal_metadata"."key" = $1 LIMIT $2[0m  [["key", "environment"], ["LIMIT", 1]]
  [1m[35m (0.2ms)[0m  [1m[35mBEGIN[0m
  [1m[35m (0.2ms)[0m  [1m[35mCOMMIT[0m
  [1m[35mSQL (0.6ms)[0m  [1m[35mCREATE EXTENSION IF NOT EXISTS "plpgsql"[0m
  [1m[35m (7.6ms)[0m  [1m[35mCREATE TABLE "articles" ("id" serial primary key, "title" character varying NOT NULL, "url" text NOT NULL, "description" text, "created_at" timestamp NOT NULL, "updated_at" timestamp NOT NULL)[0m
  [1m[35m (3.8ms)[0m  [1m[35mCREATE TABLE "schema_migrations" ("version" character varying PRIMARY KEY)[0m
  [1m[35m (0.6ms)[0m  [1m[34mSELECT version FROM "schema_migrations"[0m
  [1m[35m (0.7ms)[0m  [1m[32mINSERT INTO "schema_migrations" (version) VALUES (20170405142139)[0m
  [1m[35m (4.0ms)[0m  [1m[35mCREATE TABLE "ar_internal_metadata" ("key" character varying PRIMARY KEY, "value" character varying, "created_at" timestamp NOT NULL, "updated_at" timestamp NOT NULL)[0m
  [1m[36mActiveRecord::InternalMetadata Load (0.5ms)[0m  [1m[34mSELECT  "ar_internal_metadata".* FROM "ar_internal_metadata" WHERE "ar_internal_metadata"."key" = $1 LIMIT $2[0m  [["key", "environment"], ["LIMIT", 1]]
  [1m[35m (0.2ms)[0m  [1m[35mBEGIN[0m
  [1m[35mSQL (0.6ms)[0m  [1m[32mINSERT INTO "ar_internal_metadata" ("key", "value", "created_at", "updated_at") VALUES ($1, $2, $3, $4) RETURNING "key"[0m  [["key", "environment"], ["value", "development"], ["created_at", "2017-07-26 04:09:25.035916"], ["updated_at", "2017-07-26 04:09:25.035916"]]
  [1m[35m (0.3ms)[0m  [1m[35mCOMMIT[0m
  [1m[36mActiveRecord::InternalMetadata Load (0.3ms)[0m  [1m[34mSELECT  "ar_internal_metadata".* FROM "ar_internal_metadata" WHERE "ar_internal_metadata"."key" = $1 LIMIT $2[0m  [["key", "environment"], ["LIMIT", 1]]
  [1m[35m (0.2ms)[0m  [1m[35mBEGIN[0m
  [1m[35m (0.2ms)[0m  [1m[35mCOMMIT[0m
  [1m[36mActiveRecord::SchemaMigration Load (0.5ms)[0m  [1m[34mSELECT "schema_migrations".* FROM "schema_migrations"[0m
  [1m[36mArticle Load (0.7ms)[0m  [1m[34mSELECT  "articles".* FROM "articles" WHERE "articles"."title" = $1 LIMIT $2[0m  [["title", "Why does Ember.js rock?"], ["LIMIT", 1]]
  [1m[35m (0.2ms)[0m  [1m[35mBEGIN[0m
  [1m[35mSQL (1.1ms)[0m  [1m[32mINSERT INTO "articles" ("title", "url", "description", "created_at", "updated_at") VALUES ($1, $2, $3, $4, $5) RETURNING "id"[0m  [["title", "Why does Ember.js rock?"], ["url", "https://kerricklong.com/articles/why-ember-js-rocks.html"], ["description", "Ember.js is a MVC (Model – View – Controller) JavaScript framework which is maintained by the Ember Core Team (including Tom Dale, Yehuda Katz, and others). It helps developers create ambitious single-page web applications that don't sacrifice what makes the web great: URI semantics, RESTful architecture, and the write-once, run-anywhere trio of HTML, CSS, and JavaScript."], ["created_at", "2017-07-26 04:09:25.099863"], ["updated_at", "2017-07-26 04:09:25.099863"]]
  [1m[35m (0.5ms)[0m  [1m[35mCOMMIT[0m
  [1m[36mArticle Load (0.3ms)[0m  [1m[34mSELECT  "articles".* FROM "articles" WHERE "articles"."title" = $1 LIMIT $2[0m  [["title", "Mozilla Playdoh"], ["LIMIT", 1]]
  [1m[35m (0.1ms)[0m  [1m[35mBEGIN[0m
  [1m[35mSQL (0.6ms)[0m  [1m[32mINSERT INTO "articles" ("title", "url", "description", "created_at", "updated_at") VALUES ($1, $2, $3, $4, $5) RETURNING "id"[0m  [["title", "Mozilla Playdoh"], ["url", "http://playdoh.readthedocs.org/en/latest/"], ["description", "Mozilla's Playdoh is a web application template based on Django. Django is a high-level Python Web framework that encourages rapid development and clean, pragmatic design. Playdoh is simply a pre-configured Django project that adds some essential modules and middleware."], ["created_at", "2017-07-26 04:09:25.103664"], ["updated_at", "2017-07-26 04:09:25.103664"]]
  [1m[35m (0.4ms)[0m  [1m[35mCOMMIT[0m
  [1m[36mArticle Load (0.3ms)[0m  [1m[34mSELECT  "articles".* FROM "articles" WHERE "articles"."title" = $1 LIMIT $2[0m  [["title", "Gigablast Search Engine, Now Open Source (C/C++)"], ["LIMIT", 1]]
  [1m[35m (0.1ms)[0m  [1m[35mBEGIN[0m
  [1m[35mSQL (0.4ms)[0m  [1m[32mINSERT INTO "articles" ("title", "url", "description", "created_at", "updated_at") VALUES ($1, $2, $3, $4, $5) RETURNING "id"[0m  [["title", "Gigablast Search Engine, Now Open Source (C/C++)"], ["url", "https://www.gigablast.com/"], ["description", "Gigablast is the first truly transparent search engine. It tells you exactly why the search results are ranked the way they are. There is nothing left to the imagination."], ["created_at", "2017-07-26 04:09:25.106543"], ["updated_at", "2017-07-26 04:09:25.106543"]]
  [1m[35m (0.3ms)[0m  [1m[35mCOMMIT[0m
  [1m[36mArticle Load (0.3ms)[0m  [1m[34mSELECT  "articles".* FROM "articles" WHERE "articles"."title" = $1 LIMIT $2[0m  [["title", "Node.js Deployments with Docker, Dokku, & Digital Ocean"], ["LIMIT", 1]]
  [1m[35m (0.1ms)[0m  [1m[35mBEGIN[0m
  [1m[35mSQL (0.4ms)[0m  [1m[32mINSERT INTO "articles" ("title", "url", "description", "created_at", "updated_at") VALUES ($1, $2, $3, $4, $5) RETURNING "id"[0m  [["title", "Node.js Deployments with Docker, Dokku, & Digital Ocean"], ["url", "https://medium.com/code-adventures/438bce155dcb"], ["description", "DigitalOcean is a really nice cloud hosting company that offers excellent performance at affordable rates. Docker is an abstraction on top of LXC Containers. Docker introduces a workflow that makes operating containers straightforward and lots of fun. If you want to learn more about docker I suggest you read this article. Dokku is a tiny program that allows you to easily deploy your applications. It was built by progrium (from localtunnel) on top of docker, Buildstep, gitreceive, pluginhook, nginx, Heroku BuildPacks,& sshcommand."], ["created_at", "2017-07-26 04:09:25.109104"], ["updated_at", "2017-07-26 04:09:25.109104"]]
  [1m[35m (0.3ms)[0m  [1m[35mCOMMIT[0m
  [1m[36mArticle Load (0.3ms)[0m  [1m[34mSELECT  "articles".* FROM "articles" WHERE "articles"."title" = $1 LIMIT $2[0m  [["title", "Build a Blog Engine in Go"], ["LIMIT", 1]]
  [1m[35m (0.1ms)[0m  [1m[35mBEGIN[0m
  [1m[35mSQL (0.4ms)[0m  [1m[32mINSERT INTO "articles" ("title", "url", "description", "created_at", "updated_at") VALUES ($1, $2, $3, $4, $5) RETURNING "id"[0m  [["title", "Build a Blog Engine in Go"], ["url", "http://0value.com/build-a-blog-engine-in-Go"], ["description", "A static blog generator in Go. It’s called trofaf because that’s its name. Get this: it takes markdown files, reads some YAML front matter, and generates good ol’ HTML files. I can already smell the Nobel. Anyway, the goal of this post is not to brag about the novelty of the thing, but to show how easy it is to get this done with Go’s rich standard library and some fine userland packages."], ["created_at", "2017-07-26 04:09:25.111643"], ["updated_at", "2017-07-26 04:09:25.111643"]]
  [1m[35m (0.3ms)[0m  [1m[35mCOMMIT[0m
Started GET "/" for 127.0.0.1 at 2017-07-25 21:09:46 -0700
  [1m[36mActiveRecord::SchemaMigration Load (0.6ms)[0m  [1m[34mSELECT "schema_migrations".* FROM "schema_migrations"[0m
Processing by ArticlesController#index as HTML
  Rendering articles/index.html.erb within layouts/application
  [1m[36mArticle Load (0.8ms)[0m  [1m[34mSELECT "articles".* FROM "articles"[0m
  Rendered articles/index.html.erb within layouts/application (27.3ms)
Completed 200 OK in 469ms (Views: 459.2ms | ActiveRecord: 6.7ms)


Started GET "/articles/new" for 127.0.0.1 at 2017-07-25 21:10:09 -0700
Processing by ArticlesController#new as HTML
  Rendering articles/new.html.erb within layouts/application
  Rendered articles/new.html.erb within layouts/application (75.0ms)
Completed 200 OK in 104ms (Views: 102.0ms | ActiveRecord: 0.0ms)


Started GET "/" for 127.0.0.1 at 2017-07-25 21:14:50 -0700
  [1m[36mActiveRecord::SchemaMigration Load (0.6ms)[0m  [1m[34mSELECT "schema_migrations".* FROM "schema_migrations"[0m
Processing by ArticlesController#index as HTML
  Rendering articles/index.html.erb within layouts/application
  [1m[36mArticle Load (0.8ms)[0m  [1m[34mSELECT "articles".* FROM "articles"[0m
  Rendered articles/index.html.erb within layouts/application (16.3ms)
Completed 200 OK in 231ms (Views: 220.9ms | ActiveRecord: 6.2ms)


Started GET "/" for 127.0.0.1 at 2017-07-25 21:17:41 -0700
Processing by ArticlesController#index as HTML
  Rendering articles/index.html.erb within layouts/application
  [1m[36mArticle Load (0.9ms)[0m  [1m[34mSELECT "articles".* FROM "articles"[0m
  Rendered articles/index.html.erb within layouts/application (2.7ms)
Completed 200 OK in 20ms (Views: 17.4ms | ActiveRecord: 0.9ms)


Started GET "/" for 127.0.0.1 at 2017-07-25 21:18:16 -0700
  [1m[36mActiveRecord::SchemaMigration Load (0.5ms)[0m  [1m[34mSELECT "schema_migrations".* FROM "schema_migrations"[0m
Processing by ArticlesController#index as HTML
  Rendering articles/index.html.erb within layouts/application
  [1m[36mArticle Load (0.7ms)[0m  [1m[34mSELECT "articles".* FROM "articles"[0m
  Rendered articles/index.html.erb within layouts/application (16.8ms)
Completed 200 OK in 318ms (Views: 308.0ms | ActiveRecord: 6.5ms)


Started POST "/articles" for 127.0.0.1 at 2017-07-25 21:22:44 -0700
Processing by ArticlesController#create as */*
  Parameters: {"article"=>{"title"=>"hello", "url"=>"http://example.com", "description"=>"blarg!"}}
  [1m[35m (0.2ms)[0m  [1m[35mBEGIN[0m
  [1m[35mSQL (1.1ms)[0m  [1m[32mINSERT INTO "articles" ("title", "url", "description", "created_at", "updated_at") VALUES ($1, $2, $3, $4, $5) RETURNING "id"[0m  [["title", "hello"], ["url", "http://example.com"], ["description", "blarg!"], ["created_at", "2017-07-26 04:22:44.187695"], ["updated_at", "2017-07-26 04:22:44.187695"]]
  [1m[35m (39.8ms)[0m  [1m[35mCOMMIT[0m
Redirected to http://localhost:3000/articles/6
Completed 302 Found in 44ms (ActiveRecord: 41.1ms)


Started GET "/" for 127.0.0.1 at 2017-07-25 21:22:48 -0700
Processing by ArticlesController#index as HTML
  Rendering articles/index.html.erb within layouts/application
  [1m[36mArticle Load (0.6ms)[0m  [1m[34mSELECT "articles".* FROM "articles"[0m
  Rendered articles/index.html.erb within layouts/application (2.6ms)
Completed 200 OK in 21ms (Views: 18.3ms | ActiveRecord: 0.6ms)


Started GET "/articles/7" for 127.0.0.1 at 2017-07-25 21:24:44 -0700
Processing by ArticlesController#show as */*
  Parameters: {"id"=>"7"}
  [1m[36mArticle Load (0.5ms)[0m  [1m[34mSELECT  "articles".* FROM "articles" WHERE "articles"."id" = $1 LIMIT $2[0m  [["id", 7], ["LIMIT", 1]]
Completed 404 Not Found in 45ms (ActiveRecord: 0.8ms)


  
ActiveRecord::RecordNotFound (Couldn't find Article with 'id'=7):
  
app/controllers/articles_controller.rb:10:in `show'
  Rendering /Users/teddystanowski/.gem/ruby/2.3.3/gems/actionpack-5.0.4/lib/action_dispatch/middleware/templates/rescues/diagnostics.html.erb within rescues/layout
  Rendering /Users/teddystanowski/.gem/ruby/2.3.3/gems/actionpack-5.0.4/lib/action_dispatch/middleware/templates/rescues/_source.html.erb
  Rendered /Users/teddystanowski/.gem/ruby/2.3.3/gems/actionpack-5.0.4/lib/action_dispatch/middleware/templates/rescues/_source.html.erb (3.5ms)
  Rendering /Users/teddystanowski/.gem/ruby/2.3.3/gems/actionpack-5.0.4/lib/action_dispatch/middleware/templates/rescues/_trace.html.erb
  Rendered /Users/teddystanowski/.gem/ruby/2.3.3/gems/actionpack-5.0.4/lib/action_dispatch/middleware/templates/rescues/_trace.html.erb (1.8ms)
  Rendering /Users/teddystanowski/.gem/ruby/2.3.3/gems/actionpack-5.0.4/lib/action_dispatch/middleware/templates/rescues/_request_and_response.html.erb
  Rendered /Users/teddystanowski/.gem/ruby/2.3.3/gems/actionpack-5.0.4/lib/action_dispatch/middleware/templates/rescues/_request_and_response.html.erb (1.2ms)
  Rendered /Users/teddystanowski/.gem/ruby/2.3.3/gems/actionpack-5.0.4/lib/action_dispatch/middleware/templates/rescues/diagnostics.html.erb within rescues/layout (73.2ms)
Started GET "/" for 127.0.0.1 at 2017-07-25 21:24:55 -0700
Processing by ArticlesController#index as HTML
  Rendering articles/index.html.erb within layouts/application
  [1m[36mArticle Load (0.5ms)[0m  [1m[34mSELECT "articles".* FROM "articles"[0m
  Rendered articles/index.html.erb within layouts/application (3.4ms)
Completed 200 OK in 37ms (Views: 34.6ms | ActiveRecord: 0.5ms)


